<?xml version="1.0" encoding="UTF-8"?>
<testsuite xmlns:xsi="http://www.w3.org/2001/XMLSchema-instance" xsi:noNamespaceSchemaLocation="https://maven.apache.org/surefire/maven-surefire-plugin/xsd/surefire-test-report-3.0.xsd" version="3.0" name="com.example.moviechatbot.MovieChatbotApplicationTests" time="21.752" tests="1" errors="0" skipped="0" failures="0">
  <properties>
[...]
</properties>
  <testcase name="contextLoads" classname="com.example.moviechatbot.MovieChatbotApplicationTests" time="5.35">
    <system-out><![CDATA[22:39:06.812 [main] INFO org.springframework.test.context.support.AnnotationConfigContextLoaderUtils -- Could not detect default configuration classes for test class [com.example.moviechatbot.MovieChatbotApplicationTests]: MovieChatbotApplicationTests does not declare any static, non-private, non-final, nested classes annotated with @Configuration.
22:39:07.487 [main] INFO org.springframework.boot.test.context.SpringBootTestContextBootstrapper -- Found @SpringBootConfiguration com.example.moviechatbot.MovieChatbotApplication for test class com.example.moviechatbot.MovieChatbotApplicationTests

  .   ____          _            __ _ _
 /\\ / ___'_ __ _ _(_)_ __  __ _ \ \ \ \
( ( )\___ | '_ | '_| | '_ \/ _` | \ \ \ \
 \\/  ___)| |_)| | | | | || (_| |  ) ) ) )
  '  |____| .__|_| |_|_| |_\__, | / / / /
 =========|_|==============|___/=/_/_/_/
 :: Spring Boot ::                (v3.1.0)

2026-04-28T22:39:08.858+05:30  INFO 13476 --- [           main] c.e.m.MovieChatbotApplicationTests       : Starting MovieChatbotApplicationTests using Java 26 with PID 13476 (started by swpni in D:\GitHub\Heckthon)
2026-04-28T22:39:08.861+05:30  INFO 13476 --- [           main] c.e.m.MovieChatbotApplicationTests       : No active profile set, falling back to 1 default profile: "default"
2026-04-28T22:39:18.288+05:30  INFO 13476 --- [           main] o.s.s.web.DefaultSecurityFilterChain     : Will secure any request with [org.springframework.security.web.session.DisableEncodeUrlFilter@5b275811, org.springframework.security.web.context.request.async.WebAsyncManagerIntegrationFilter@2f0ed952, org.springframework.security.web.context.SecurityContextHolderFilter@334ebcaa, org.springframework.security.web.header.HeaderWriterFilter@6d60899e, org.springframework.security.web.csrf.CsrfFilter@3c50ad4b, org.springframework.security.web.authentication.logout.LogoutFilter@1806bc4c, org.springframework.security.web.authentication.UsernamePasswordAuthenticationFilter@3e5fd2b1, org.springframework.security.web.savedrequest.RequestCacheAwareFilter@6468a7b6, org.springframework.security.web.servletapi.SecurityContextHolderAwareRequestFilter@4d68b571, org.springframework.security.web.authentication.AnonymousAuthenticationFilter@6f044c58, org.springframework.security.web.access.ExceptionTranslationFilter@19a31b9d, org.springframework.security.web.access.intercept.AuthorizationFilter@46e64760]
2026-04-28T22:39:21.173+05:30  INFO 13476 --- [           main] c.e.m.MovieChatbotApplicationTests       : Started MovieChatbotApplicationTests in 13.155 seconds (process running for 18.802)
]]></system-out>
    <system-err><![CDATA[WARNING: A Java agent has been loaded dynamically (C:\Users\swpni\.m2\repository\net\bytebuddy\byte-buddy-agent\1.14.4\byte-buddy-agent-1.14.4.jar)
WARNING: If a serviceability tool is in use, please run with -XX:+EnableDynamicAgentLoading to hide this warning
WARNING: If a serviceability tool is not in use, please run with -Djdk.instrument.traceUsage for more information
WARNING: Dynamic loading of agents will be disallowed by default in a future release
]]></system-err>
  </testcase>
</testsuite>